<?xml version="1.0" encoding="UTF-8"?>
<testng-results skipped="0" failed="0" total="0" passed="0">
  <reporter-output>
  </reporter-output>
  <suite name="test.TestRunner" duration-ms="5" started-at="2020-07-17T18:53:29Z" finished-at="2020-07-17T18:53:29Z">
    <groups>
    </groups>
    <test name="Command line test" duration-ms="5" started-at="2020-07-17T18:53:29Z" finished-at="2020-07-17T18:53:29Z">
    </test> <!-- Command line test -->
  </suite> <!-- test.TestRunner -->
</testng-results>
